current directory: /Users/takumi.c.yoshida/Development/training/neko/vender/bundle/ruby/2.7.0/gems/nio4r-2.5.2/ext/nio4r
/Users/takumi.c.yoshida/.rbenv/versions/2.7.1/bin/ruby -I /Users/takumi.c.yoshida/.rbenv/versions/2.7.1/lib/ruby/2.7.0 -r ./siteconf20200422-87244-e8lnan.rb extconf.rb
checking for unistd.h... yes
checking for linux/aio_abi.h... no
checking for sys/select.h... yes
checking for port_event_t in poll.h... no
checking for sys/epoll.h... no
checking for sys/event.h... yes
checking for sys/queue.h... yes
checking for port_event_t in port.h... no
checking for sys/resource.h... yes
creating Makefile

current directory: /Users/takumi.c.yoshida/Development/training/neko/vender/bundle/ruby/2.7.0/gems/nio4r-2.5.2/ext/nio4r
make "DESTDIR=" clean

current directory: /Users/takumi.c.yoshida/Development/training/neko/vender/bundle/ruby/2.7.0/gems/nio4r-2.5.2/ext/nio4r
make "DESTDIR="
compiling bytebuffer.c
compiling monitor.c
monitor.c:182:40: warning: implicit conversion loses integer precision: 'VALUE' (aka 'unsigned long') to 'int' [-Wshorten-64-to-32]
    NIO_Monitor_update_interests(self, interest);
    ~~~~~~~~~~~~~~~~~~~~~~~~~~~~       ^~~~~~~~
monitor.c:192:40: warning: implicit conversion loses integer precision: 'VALUE' (aka 'unsigned long') to 'int' [-Wshorten-64-to-32]
    NIO_Monitor_update_interests(self, interest);
    ~~~~~~~~~~~~~~~~~~~~~~~~~~~~       ^~~~~~~~
2 warnings generated.
compiling nio4r_ext.c
In file included from nio4r_ext.c:7:
./../libev/ev.c:511:48: warning: '/*' within block comment [-Wcomment]
/*#define MIN_INTERVAL  0.00000095367431640625 /* 1/2**20, good till 2200 */
                                               ^
./../libev/ev.c:1096:26: warning: implicit conversion loses integer precision: 'uint64_t' (aka 'unsigned long long') to 'unsigned int' [-Wshorten-64-to-32]
  return ecb_popcount32 (x) + ecb_popcount32 (x >> 32);
         ~~~~~~~~~~~~~~~~^~
./../libev/ev.c:958:49: note: expanded from macro 'ecb_popcount32'
  #define ecb_popcount32(x) __builtin_popcount (x)
                            ~~~~~~~~~~~~~~~~~~  ^
./../libev/ev.c:1302:13: warning: comparison of integers of different signs: 'unsigned int' and 'int' [-Wsign-compare]
      if (e < (14 - 24)) /* might not be sharp, but is good enough */
          ~ ^  ~~~~~~~
./../libev/ev.c:1867:31: warning: 'extern' variable has an initializer [-Wextern-initializer]
  EV_API_DECL struct ev_loop *ev_default_loop_ptr = 0; /* needs to be initialised to make it a definition despite extern */
                              ^
./../libev/ev.c:1956:7: warning: implicit conversion loses integer precision: 'long' to '__darwin_suseconds_t' (aka 'int') [-Wshorten-64-to-32]
      EV_TV_SET (tv, delay);
      ^~~~~~~~~~~~~~~~~~~~~
./../libev/ev.c:516:64: note: expanded from macro 'EV_TV_SET'
#define EV_TV_SET(tv,t) do { tv.tv_sec = (long)t; tv.tv_usec = (long)((t - tv.tv_sec) * 1e6); } while (0)
                                                             ~ ^~~~~~~~~~~~~~~~~~~~~~~~~~~~~
./../libev/ev.c:1978:19: warning: comparison of integers of different signs: 'int' and 'unsigned long' [-Wsign-compare]
  if (elem * ncur > MALLOC_ROUND - sizeof (void *) * 4)
      ~~~~~~~~~~~ ^ ~~~~~~~~~~~~~~~~~~~~~~~~~~~~~~~~~~
./../libev/ev.c:2329:18: warning: implicit conversion loses integer precision: 'long' to 'int' [-Wshorten-64-to-32]
      k = minpos - heap;
        ~ ~~~~~~~^~~~~~
In file included from nio4r_ext.c:7:
In file included from ./../libev/ev.c:2739:
./../libev/ev_kqueue.c:116:34: warning: implicit conversion loses integer precision: 'uintptr_t' (aka 'unsigned long') to 'int' [-Wshorten-64-to-32]
      int fd = kqueue_events [i].ident;
          ~~   ~~~~~~~~~~~~~~~~~~^~~~~
./../libev/ev_kqueue.c:120:39: warning: implicit conversion loses integer precision: 'intptr_t' (aka 'long') to 'int' [-Wshorten-64-to-32]
          int err = kqueue_events [i].data;
              ~~~   ~~~~~~~~~~~~~~~~~~^~~~
In file included from nio4r_ext.c:7:
In file included from ./../libev/ev.c:2751:
./../libev/ev_select.c:109:24: warning: implicit conversion loses integer precision: 'unsigned long' to 'fd_mask' (aka 'int') [-Wshorten-64-to-32]
    fd_mask mask = 1UL << (fd % NFDBITS);
            ~~~~   ~~~~^~~~~~~~~~~~~~~~~
./../libev/ev_select.c:147:3: warning: implicit conversion loses integer precision: 'long' to '__darwin_suseconds_t' (aka 'int') [-Wshorten-64-to-32]
  EV_TV_SET (tv, timeout);
  ^~~~~~~~~~~~~~~~~~~~~~~
./../libev/ev.c:516:64: note: expanded from macro 'EV_TV_SET'
#define EV_TV_SET(tv,t) do { tv.tv_sec = (long)t; tv.tv_usec = (long)((t - tv.tv_sec) * 1e6); } while (0)
                                                             ~ ^~~~~~~~~~~~~~~~~~~~~~~~~~~~~
In file included from nio4r_ext.c:7:
In file included from ./../libev/ev.c:2751:
./../libev/ev_select.c:259:34: warning: implicit conversion loses integer precision: 'unsigned long' to 'fd_mask' (aka 'int') [-Wshorten-64-to-32]
              fd_mask mask = 1UL << bit;
                      ~~~~   ~~~~^~~~~~
In file included from nio4r_ext.c:7:
./../libev/ev.c:4014:34: warning: '&' within '|' [-Wbitwise-op-parentheses]
  fd_change (EV_A_ fd, w->events & EV__IOFDSET | EV_ANFD_REIFY);
                       ~~~~~~~~~~^~~~~~~~~~~~~ ~
./../libev/ev.c:4014:34: note: place parentheses around the '&' expression to silence this warning
  fd_change (EV_A_ fd, w->events & EV__IOFDSET | EV_ANFD_REIFY);
                                 ^
                       (                      )
13 warnings generated.
compiling selector.c
selector.c:286:26: warning: incompatible function pointer types passing 'VALUE (*)(VALUE *)' (aka 'unsigned long (*)(unsigned long *)') to parameter of type 'VALUE (*)(VALUE)' (aka 'unsigned long (*)(unsigned long)') [-Wincompatible-function-pointer-types]
        return rb_ensure(func, (VALUE)args, NIO_Selector_unlock, self);
                         ^~~~
/Users/takumi.c.yoshida/.rbenv/versions/2.7.1/include/ruby-2.7.0/ruby/ruby.h:1990:24: note: passing argument to parameter here
VALUE rb_ensure(VALUE(*)(VALUE),VALUE,VALUE(*)(VALUE),VALUE);
                       ^
1 warning generated.
linking shared-object nio4r_ext.bundle

current directory: /Users/takumi.c.yoshida/Development/training/neko/vender/bundle/ruby/2.7.0/gems/nio4r-2.5.2/ext/nio4r
make "DESTDIR=" install
/usr/bin/install -c -m 0755 nio4r_ext.bundle ./.gem.20200422-87244-1pn9j2p
