current directory: /Users/takumi.c.yoshida/Development/training/neko/vender/bundle/ruby/2.7.0/gems/puma-4.3.3/ext/puma_http11
/Users/takumi.c.yoshida/.rbenv/versions/2.7.1/bin/ruby -I /Users/takumi.c.yoshida/.rbenv/versions/2.7.1/lib/ruby/2.7.0 -r ./siteconf20200422-87244-j8dofp.rb extconf.rb
checking for BIO_read() in -lcrypto... yes
checking for SSL_CTX_new() in -lssl... yes
checking for openssl/bio.h... yes
checking for DTLS_method() in openssl/ssl.h... yes
checking for TLS_server_method() in openssl/ssl.h... yes
checking for SSL_CTX_set_min_proto_version in openssl/ssl.h... yes
creating Makefile

current directory: /Users/takumi.c.yoshida/Development/training/neko/vender/bundle/ruby/2.7.0/gems/puma-4.3.3/ext/puma_http11
make "DESTDIR=" clean

current directory: /Users/takumi.c.yoshida/Development/training/neko/vender/bundle/ruby/2.7.0/gems/puma-4.3.3/ext/puma_http11
make "DESTDIR="
compiling http11_parser.c
ext/puma_http11/http11_parser.c:44:18: warning: unused variable 'puma_parser_en_main' [-Wunused-const-variable]
static const int puma_parser_en_main = 1;
                 ^
1 warning generated.
compiling io_buffer.c
compiling mini_ssl.c
mini_ssl.c:145:7: warning: unused variable 'min' [-Wunused-variable]
  int min, ssl_options;
      ^
mini_ssl.c:299:40: warning: function 'raise_error' could be declared with attribute 'noreturn' [-Wmissing-noreturn]
void raise_error(SSL* ssl, int result) {
                                       ^
2 warnings generated.
compiling puma_http11.c
puma_http11.c:203:22: warning: implicitly declaring library function 'isspace' with type 'int (int)' [-Wimplicit-function-declaration]
  while (vlen > 0 && isspace(value[vlen - 1])) vlen--;
                     ^
puma_http11.c:203:22: note: include the header <ctype.h> or explicitly provide a declaration for 'isspace'
1 warning generated.
linking shared-object puma/puma_http11.bundle

current directory: /Users/takumi.c.yoshida/Development/training/neko/vender/bundle/ruby/2.7.0/gems/puma-4.3.3/ext/puma_http11
make "DESTDIR=" install
/usr/bin/install -c -m 0755 puma_http11.bundle ./.gem.20200422-87244-r9zkci/puma
