current directory: /Users/takumi.c.yoshida/Development/training/neko/vender/bundle/ruby/2.7.0/gems/mysql2-0.5.3/ext/mysql2
/Users/takumi.c.yoshida/.rbenv/versions/2.7.1/bin/ruby -I /Users/takumi.c.yoshida/.rbenv/versions/2.7.1/lib/ruby/2.7.0 -r ./siteconf20200422-87244-10mjby6.rb extconf.rb --with-ldflags\=-L/usr/local/opt/openssl/lib --with-cppflags\=-I/usr/local/opt/openssl/include
checking for rb_absint_size()... yes
checking for rb_absint_singlebit_p()... yes
checking for rb_wait_for_single_fd()... yes
-----
Using mysql_config at /usr/local/opt/mysql@5.6/bin/mysql_config
-----
checking for mysql.h... yes
checking for errmsg.h... yes
checking for SSL_MODE_DISABLED in mysql.h... no
checking for MYSQL_OPT_SSL_ENFORCE in mysql.h... no
checking for MYSQL.net.vio in mysql.h... yes
checking for MYSQL.net.pvio in mysql.h... no
checking for MYSQL_ENABLE_CLEARTEXT_PLUGIN in mysql.h... yes
checking for SERVER_QUERY_NO_GOOD_INDEX_USED in mysql.h... yes
checking for SERVER_QUERY_NO_INDEX_USED in mysql.h... yes
checking for SERVER_QUERY_WAS_SLOW in mysql.h... yes
checking for MYSQL_OPTION_MULTI_STATEMENTS_ON in mysql.h... yes
checking for MYSQL_OPTION_MULTI_STATEMENTS_OFF in mysql.h... yes
checking for my_bool in mysql.h... yes
-----
Setting rpath to /usr/local/opt/mysql@5.6/lib
-----
creating Makefile

current directory: /Users/takumi.c.yoshida/Development/training/neko/vender/bundle/ruby/2.7.0/gems/mysql2-0.5.3/ext/mysql2
make "DESTDIR=" clean

current directory: /Users/takumi.c.yoshida/Development/training/neko/vender/bundle/ruby/2.7.0/gems/mysql2-0.5.3/ext/mysql2
make "DESTDIR="
compiling client.c
client.c:787:14: warning: incompatible pointer types passing 'VALUE (void *)' (aka 'unsigned long (void *)') to parameter of type 'VALUE (*)(VALUE)' (aka 'unsigned long (*)(unsigned long)') [-Wincompatible-pointer-types]
  rb_rescue2(do_send_query, (VALUE)&args, disconnect_and_raise, self, rb_eException, (VALUE)0);
             ^~~~~~~~~~~~~
/Users/takumi.c.yoshida/.rbenv/versions/2.7.1/include/ruby-2.7.0/ruby/ruby.h:1988:25: note: passing argument to parameter here
VALUE rb_rescue2(VALUE(*)(VALUE),VALUE,VALUE(*)(VALUE,VALUE),VALUE,...);
                        ^
client.c:795:16: warning: incompatible pointer types passing 'VALUE (void *)' (aka 'unsigned long (void *)') to parameter of type 'VALUE (*)(VALUE)' (aka 'unsigned long (*)(unsigned long)') [-Wincompatible-pointer-types]
    rb_rescue2(do_query, (VALUE)&async_args, disconnect_and_raise, self, rb_eException, (VALUE)0);
               ^~~~~~~~
/Users/takumi.c.yoshida/.rbenv/versions/2.7.1/include/ruby-2.7.0/ruby/ruby.h:1988:25: note: passing argument to parameter here
VALUE rb_rescue2(VALUE(*)(VALUE),VALUE,VALUE(*)(VALUE,VALUE),VALUE,...);
                        ^
2 warnings generated.
compiling infile.c
compiling mysql2_ext.c
compiling result.c
compiling statement.c
linking shared-object mysql2/mysql2.bundle

current directory: /Users/takumi.c.yoshida/Development/training/neko/vender/bundle/ruby/2.7.0/gems/mysql2-0.5.3/ext/mysql2
make "DESTDIR=" install
/usr/bin/install -c -m 0755 mysql2.bundle ./.gem.20200422-87244-1wqoij0/mysql2
