current directory: /Users/takumi.c.yoshida/Development/training/neko/vender/bundle/ruby/2.7.0/gems/msgpack-1.3.3/ext/msgpack
/Users/takumi.c.yoshida/.rbenv/versions/2.7.1/bin/ruby -I /Users/takumi.c.yoshida/.rbenv/versions/2.7.1/lib/ruby/2.7.0 -r ./siteconf20200422-87244-1nz3a3z.rb extconf.rb
checking for ruby/st.h... yes
checking for st.h... yes
checking for rb_str_replace() in ruby.h... yes
checking for rb_intern_str() in ruby.h... yes
checking for rb_sym2str() in ruby.h... yes
checking for rb_str_intern() in ruby.h... yes
checking for rb_block_lambda() in ruby.h... yes
checking for rb_hash_dup() in ruby.h... yes
checking for rb_hash_clear() in ruby.h... yes
creating Makefile

current directory: /Users/takumi.c.yoshida/Development/training/neko/vender/bundle/ruby/2.7.0/gems/msgpack-1.3.3/ext/msgpack
make "DESTDIR=" clean

current directory: /Users/takumi.c.yoshida/Development/training/neko/vender/bundle/ruby/2.7.0/gems/msgpack-1.3.3/ext/msgpack
make "DESTDIR="
compiling buffer.c
compiling buffer_class.c
buffer_class.c:261:17: warning: incompatible pointer types passing 'VALUE (VALUE)' (aka 'unsigned long (unsigned long)') to parameter of type 'VALUE (*)(VALUE, VALUE)' (aka 'unsigned long (*)(unsigned long, unsigned long)') [-Wincompatible-pointer-types]
                read_until_eof_error, (VALUE)(void*) args,
                ^~~~~~~~~~~~~~~~~~~~
/Users/takumi.c.yoshida/.rbenv/versions/2.7.1/include/ruby-2.7.0/ruby/ruby.h:1988:47: note: passing argument to parameter here
VALUE rb_rescue2(VALUE(*)(VALUE),VALUE,VALUE(*)(VALUE,VALUE),VALUE,...);
                                              ^
1 warning generated.
compiling extension_value_class.c
compiling factory_class.c
compiling packer.c
compiling packer_class.c
compiling packer_ext_registry.c
compiling rbinit.c
compiling rmem.c
compiling unpacker.c
compiling unpacker_class.c
unpacker_class.c:128:1: warning: function 'raise_unpacker_error' could be declared with attribute 'noreturn' [-Wmissing-noreturn]
{
^
unpacker_class.c:307:17: warning: incompatible pointer types passing 'VALUE (VALUE)' (aka 'unsigned long (unsigned long)') to parameter of type 'VALUE (*)(VALUE, VALUE)' (aka 'unsigned long (*)(unsigned long, unsigned long)') [-Wincompatible-pointer-types]
                Unpacker_rescue_EOFError, self,
                ^~~~~~~~~~~~~~~~~~~~~~~~
/Users/takumi.c.yoshida/.rbenv/versions/2.7.1/include/ruby-2.7.0/ruby/ruby.h:1988:47: note: passing argument to parameter here
VALUE rb_rescue2(VALUE(*)(VALUE),VALUE,VALUE(*)(VALUE,VALUE),VALUE,...);
                                              ^
unpacker_class.c:216:14: warning: unused function 'Unpacker_peek_next_type' [-Wunused-function]
static VALUE Unpacker_peek_next_type(VALUE self)
             ^
3 warnings generated.
compiling unpacker_ext_registry.c
linking shared-object msgpack/msgpack.bundle

current directory: /Users/takumi.c.yoshida/Development/training/neko/vender/bundle/ruby/2.7.0/gems/msgpack-1.3.3/ext/msgpack
make "DESTDIR=" install
/usr/bin/install -c -m 0755 msgpack.bundle ./.gem.20200422-87244-1fe3hs6/msgpack
