Started GET "/" for 172.19.0.1 at 2020-05-13 01:27:27 +0000
Cannot render console from 172.19.0.1! Allowed networks: 127.0.0.0/127.255.255.255, ::1
  
Mysql2::Error::ConnectionError (Can't connect to local MySQL server through socket '/var/run/mysqld/mysqld.sock' (2)):
  
mysql2 (0.5.3) lib/mysql2/client.rb:90:in `connect'
mysql2 (0.5.3) lib/mysql2/client.rb:90:in `initialize'
activerecord (6.0.3) lib/active_record/connection_adapters/mysql2_adapter.rb:24:in `new'
activerecord (6.0.3) lib/active_record/connection_adapters/mysql2_adapter.rb:24:in `mysql2_connection'
activerecord (6.0.3) lib/active_record/connection_adapters/abstract/connection_pool.rb:887:in `new_connection'
activerecord (6.0.3) lib/active_record/connection_adapters/abstract/connection_pool.rb:931:in `checkout_new_connection'
activerecord (6.0.3) lib/active_record/connection_adapters/abstract/connection_pool.rb:910:in `try_to_checkout_new_connection'
activerecord (6.0.3) lib/active_record/connection_adapters/abstract/connection_pool.rb:871:in `acquire_connection'
activerecord (6.0.3) lib/active_record/connection_adapters/abstract/connection_pool.rb:593:in `checkout'
activerecord (6.0.3) lib/active_record/connection_adapters/abstract/connection_pool.rb:437:in `connection'
activerecord (6.0.3) lib/active_record/connection_adapters/abstract/connection_pool.rb:1119:in `retrieve_connection'
activerecord (6.0.3) lib/active_record/connection_handling.rb:221:in `retrieve_connection'
activerecord (6.0.3) lib/active_record/connection_handling.rb:189:in `connection'
activerecord (6.0.3) lib/active_record/migration.rb:562:in `call'
actionpack (6.0.3) lib/action_dispatch/middleware/callbacks.rb:27:in `block in call'
activesupport (6.0.3) lib/active_support/callbacks.rb:101:in `run_callbacks'
actionpack (6.0.3) lib/action_dispatch/middleware/callbacks.rb:26:in `call'
actionpack (6.0.3) lib/action_dispatch/middleware/executor.rb:14:in `call'
actionpack (6.0.3) lib/action_dispatch/middleware/actionable_exceptions.rb:17:in `call'
actionpack (6.0.3) lib/action_dispatch/middleware/debug_exceptions.rb:32:in `call'
web-console (4.0.2) lib/web_console/middleware.rb:132:in `call_app'
web-console (4.0.2) lib/web_console/middleware.rb:19:in `block in call'
web-console (4.0.2) lib/web_console/middleware.rb:17:in `catch'
web-console (4.0.2) lib/web_console/middleware.rb:17:in `call'
actionpack (6.0.3) lib/action_dispatch/middleware/show_exceptions.rb:33:in `call'
railties (6.0.3) lib/rails/rack/logger.rb:37:in `call_app'
railties (6.0.3) lib/rails/rack/logger.rb:26:in `block in call'
activesupport (6.0.3) lib/active_support/tagged_logging.rb:80:in `block in tagged'
activesupport (6.0.3) lib/active_support/tagged_logging.rb:28:in `tagged'
activesupport (6.0.3) lib/active_support/tagged_logging.rb:80:in `tagged'
railties (6.0.3) lib/rails/rack/logger.rb:26:in `call'
sprockets-rails (3.2.1) lib/sprockets/rails/quiet_assets.rb:13:in `call'
actionpack (6.0.3) lib/action_dispatch/middleware/remote_ip.rb:81:in `call'
actionpack (6.0.3) lib/action_dispatch/middleware/request_id.rb:27:in `call'
rack (2.2.2) lib/rack/method_override.rb:24:in `call'
rack (2.2.2) lib/rack/runtime.rb:22:in `call'
activesupport (6.0.3) lib/active_support/cache/strategy/local_cache_middleware.rb:29:in `call'
actionpack (6.0.3) lib/action_dispatch/middleware/executor.rb:14:in `call'
actionpack (6.0.3) lib/action_dispatch/middleware/static.rb:126:in `call'
rack (2.2.2) lib/rack/sendfile.rb:110:in `call'
actionpack (6.0.3) lib/action_dispatch/middleware/host_authorization.rb:82:in `call'
webpacker (4.2.2) lib/webpacker/dev_server_proxy.rb:23:in `perform_request'
rack-proxy (0.6.5) lib/rack/proxy.rb:57:in `call'
railties (6.0.3) lib/rails/engine.rb:527:in `call'
puma (3.12.4) lib/puma/configuration.rb:227:in `call'
puma (3.12.4) lib/puma/server.rb:675:in `handle_request'
puma (3.12.4) lib/puma/server.rb:476:in `process_client'
puma (3.12.4) lib/puma/server.rb:334:in `block in run'
puma (3.12.4) lib/puma/thread_pool.rb:135:in `block in spawn_thread'
Started GET "/" for 172.19.0.1 at 2020-05-13 01:29:38 +0000
Cannot render console from 172.19.0.1! Allowed networks: 127.0.0.0/127.255.255.255, ::1
  
ActiveRecord::NoDatabaseError (Unknown database 'app_development'):
  
activerecord (6.0.3) lib/active_record/connection_adapters/mysql2_adapter.rb:28:in `rescue in mysql2_connection'
activerecord (6.0.3) lib/active_record/connection_adapters/mysql2_adapter.rb:14:in `mysql2_connection'
activerecord (6.0.3) lib/active_record/connection_adapters/abstract/connection_pool.rb:887:in `new_connection'
activerecord (6.0.3) lib/active_record/connection_adapters/abstract/connection_pool.rb:931:in `checkout_new_connection'
activerecord (6.0.3) lib/active_record/connection_adapters/abstract/connection_pool.rb:910:in `try_to_checkout_new_connection'
activerecord (6.0.3) lib/active_record/connection_adapters/abstract/connection_pool.rb:871:in `acquire_connection'
activerecord (6.0.3) lib/active_record/connection_adapters/abstract/connection_pool.rb:593:in `checkout'
activerecord (6.0.3) lib/active_record/connection_adapters/abstract/connection_pool.rb:437:in `connection'
activerecord (6.0.3) lib/active_record/connection_adapters/abstract/connection_pool.rb:1119:in `retrieve_connection'
activerecord (6.0.3) lib/active_record/connection_handling.rb:221:in `retrieve_connection'
activerecord (6.0.3) lib/active_record/connection_handling.rb:189:in `connection'
activerecord (6.0.3) lib/active_record/migration.rb:562:in `call'
actionpack (6.0.3) lib/action_dispatch/middleware/callbacks.rb:27:in `block in call'
activesupport (6.0.3) lib/active_support/callbacks.rb:101:in `run_callbacks'
actionpack (6.0.3) lib/action_dispatch/middleware/callbacks.rb:26:in `call'
actionpack (6.0.3) lib/action_dispatch/middleware/executor.rb:14:in `call'
actionpack (6.0.3) lib/action_dispatch/middleware/actionable_exceptions.rb:17:in `call'
actionpack (6.0.3) lib/action_dispatch/middleware/debug_exceptions.rb:32:in `call'
web-console (4.0.2) lib/web_console/middleware.rb:132:in `call_app'
web-console (4.0.2) lib/web_console/middleware.rb:19:in `block in call'
web-console (4.0.2) lib/web_console/middleware.rb:17:in `catch'
web-console (4.0.2) lib/web_console/middleware.rb:17:in `call'
actionpack (6.0.3) lib/action_dispatch/middleware/show_exceptions.rb:33:in `call'
railties (6.0.3) lib/rails/rack/logger.rb:37:in `call_app'
railties (6.0.3) lib/rails/rack/logger.rb:26:in `block in call'
activesupport (6.0.3) lib/active_support/tagged_logging.rb:80:in `block in tagged'
activesupport (6.0.3) lib/active_support/tagged_logging.rb:28:in `tagged'
activesupport (6.0.3) lib/active_support/tagged_logging.rb:80:in `tagged'
railties (6.0.3) lib/rails/rack/logger.rb:26:in `call'
sprockets-rails (3.2.1) lib/sprockets/rails/quiet_assets.rb:13:in `call'
actionpack (6.0.3) lib/action_dispatch/middleware/remote_ip.rb:81:in `call'
actionpack (6.0.3) lib/action_dispatch/middleware/request_id.rb:27:in `call'
rack (2.2.2) lib/rack/method_override.rb:24:in `call'
rack (2.2.2) lib/rack/runtime.rb:22:in `call'
activesupport (6.0.3) lib/active_support/cache/strategy/local_cache_middleware.rb:29:in `call'
actionpack (6.0.3) lib/action_dispatch/middleware/executor.rb:14:in `call'
actionpack (6.0.3) lib/action_dispatch/middleware/static.rb:126:in `call'
rack (2.2.2) lib/rack/sendfile.rb:110:in `call'
actionpack (6.0.3) lib/action_dispatch/middleware/host_authorization.rb:82:in `call'
webpacker (4.2.2) lib/webpacker/dev_server_proxy.rb:23:in `perform_request'
rack-proxy (0.6.5) lib/rack/proxy.rb:57:in `call'
railties (6.0.3) lib/rails/engine.rb:527:in `call'
puma (3.12.4) lib/puma/configuration.rb:227:in `call'
puma (3.12.4) lib/puma/server.rb:675:in `handle_request'
puma (3.12.4) lib/puma/server.rb:476:in `process_client'
puma (3.12.4) lib/puma/server.rb:334:in `block in run'
puma (3.12.4) lib/puma/thread_pool.rb:135:in `block in spawn_thread'
  [1m[35m (1.2ms)[0m  [1m[35mSET NAMES utf8mb4,  @@SESSION.sql_mode = CONCAT(CONCAT(@@sql_mode, ',STRICT_ALL_TABLES'), ',NO_AUTO_VALUE_ON_ZERO'),  @@SESSION.sql_auto_is_null = 0, @@SESSION.wait_timeout = 2147483[0m
  [1m[35m (0.5ms)[0m  [1m[35mCREATE DATABASE `app_development` DEFAULT CHARACTER SET `utf8mb4`[0m
  [1m[35m (0.3ms)[0m  [1m[35mSET NAMES utf8mb4,  @@SESSION.sql_mode = CONCAT(CONCAT(@@sql_mode, ',STRICT_ALL_TABLES'), ',NO_AUTO_VALUE_ON_ZERO'),  @@SESSION.sql_auto_is_null = 0, @@SESSION.wait_timeout = 2147483[0m
  [1m[35m (0.4ms)[0m  [1m[35mCREATE DATABASE `app_test` DEFAULT CHARACTER SET `utf8mb4`[0m
Started GET "/" for 172.19.0.1 at 2020-05-13 01:30:35 +0000
Cannot render console from 172.19.0.1! Allowed networks: 127.0.0.0/127.255.255.255, ::1
  [1m[35m (0.5ms)[0m  [1m[35mSET NAMES utf8mb4,  @@SESSION.sql_mode = CONCAT(CONCAT(@@sql_mode, ',STRICT_ALL_TABLES'), ',NO_AUTO_VALUE_ON_ZERO'),  @@SESSION.sql_auto_is_null = 0, @@SESSION.wait_timeout = 2147483[0m
Processing by Rails::WelcomeController#index as HTML
  Rendering /usr/local/bundle/gems/railties-6.0.3/lib/rails/templates/rails/welcome/index.html.erb
  Rendered /usr/local/bundle/gems/railties-6.0.3/lib/rails/templates/rails/welcome/index.html.erb (Duration: 8.3ms | Allocations: 297)
Completed 200 OK in 34ms (Views: 18.3ms | ActiveRecord: 0.0ms | Allocations: 1711)


Started GET "/" for 172.19.0.1 at 2020-05-13 01:36:33 +0000
Cannot render console from 172.19.0.1! Allowed networks: 127.0.0.0/127.255.255.255, ::1
  [1m[35m (0.6ms)[0m  [1m[35mSET NAMES utf8mb4,  @@SESSION.sql_mode = CONCAT(CONCAT(@@sql_mode, ',STRICT_ALL_TABLES'), ',NO_AUTO_VALUE_ON_ZERO'),  @@SESSION.sql_auto_is_null = 0, @@SESSION.wait_timeout = 2147483[0m
Processing by Rails::WelcomeController#index as HTML
  Rendering /usr/local/bundle/gems/railties-6.0.3/lib/rails/templates/rails/welcome/index.html.erb
  Rendered /usr/local/bundle/gems/railties-6.0.3/lib/rails/templates/rails/welcome/index.html.erb (Duration: 7.3ms | Allocations: 294)
Completed 200 OK in 35ms (Views: 21.2ms | ActiveRecord: 0.0ms | Allocations: 1706)


